<?xml version="1.0" encoding="UTF-8"?>
<!-- Generated by org.testng.reporters.JUnitReportReporter -->
<testsuite skipped="0" hostname="DESKTOP-Q35VOQ7" name="com.module.Amazon.LoginTest" tests="2" failures="0" timestamp="21 Dec 2019 21:47:50 GMT" time="23.583" errors="0">
  <testcase name="MomeTest" time="0.316" classname="com.module.Amazon.LoginTest"/>
  <testcase name="LoginTest" time="23.267" classname="com.module.Amazon.LoginTest"/>
</testsuite> <!-- com.module.Amazon.LoginTest -->
